2026-03-27 20:08:54,776 [RESOLVER VERB] verb='open' args='small cabinet'
2026-03-27 20:08:54,776 [RESOLVER] scope='room_fixed' input='small cabinet'
2026-03-27 20:08:54,776 [RESOLVER] fixed: 'small cabinet' → 'head_small_cabinet'
2026-03-27 20:09:00,485 [RESOLVER VERB] verb='close' args='cabinet'
2026-03-27 20:09:00,485 [RESOLVER] scope='room_fixed' input='cabinet'
2026-03-27 20:09:00,485 [RESOLVER] fixed: 'cabinet' → 'head_small_cabinet'
2026-03-27 20:09:04,419 [RESOLVER VERB] verb='open' args='cabinet'
2026-03-27 20:09:04,420 [RESOLVER] scope='room_fixed' input='cabinet'
2026-03-27 20:09:04,420 [RESOLVER] fixed: 'cabinet' → 'head_small_cabinet'
2026-03-27 20:09:15,836 [RESOLVER VERB] verb='remove' args='belt'
2026-03-27 20:09:15,836 [RESOLVER] scope='equipped' input='belt'
2026-03-27 20:09:15,836 [RESOLVER] equipped: 'belt' → 'utility_belt'
2026-03-27 20:09:21,935 [RESOLVER VERB] verb='drop' args='utility belt'
2026-03-27 20:09:21,935 [RESOLVER] scope='inventory' input='utility belt'
2026-03-27 20:09:21,935 [RESOLVER] inventory: 'utility belt' → 'utility_belt'
2026-03-27 20:09:30,110 [RESOLVER VERB] verb='pick up' args='utility belt'
2026-03-27 20:09:30,110 [RESOLVER] scope='room_portable' input='utility belt'
2026-03-27 20:09:30,110 [RESOLVER] floor: 'utility belt' → 'utility_belt'
2026-03-27 20:09:44,646 [RESOLVER VERB] verb='remove' args='stasis garment'
2026-03-27 20:09:44,647 [RESOLVER] scope='equipped' input='stasis garment'
2026-03-27 20:09:44,647 [RESOLVER] equipped: 'stasis garment' → 'stasis_garment'
2026-03-27 20:09:51,314 [RESOLVER VERB] verb='drop' args='stasis garment'
2026-03-27 20:09:51,314 [RESOLVER] scope='inventory' input='stasis garment'
2026-03-27 20:09:51,314 [RESOLVER] inventory: 'stasis garment' → 'stasis_garment'
2026-03-27 20:09:56,968 [RESOLVER VERB] verb='pick up' args='garment'
2026-03-27 20:09:56,968 [RESOLVER] scope='room_portable' input='garment'
2026-03-27 20:09:56,968 [RESOLVER FAIL] scope='room_portable' input='garment' — no match found, passing through
2026-03-27 20:10:12,478 [RESOLVER VERB] verb='pick up' args='stasis garment'
2026-03-27 20:10:12,478 [RESOLVER] scope='room_portable' input='stasis garment'
2026-03-27 20:10:12,478 [RESOLVER] floor: 'stasis garment' → 'stasis_garment'
2026-03-28 06:31:29,974 [RESOLVER VERB] verb='open' args='small cabinet'
2026-03-28 06:31:29,976 [RESOLVER] scope='room_fixed' input='small cabinet'
2026-03-28 06:31:29,976 [RESOLVER] fixed: 'small cabinet' → 'head_small_cabinet'
2026-03-28 06:31:36,146 [RESOLVER VERB] verb='look in' args='cabinet'
2026-03-28 06:31:36,147 [RESOLVER] scope='room_fixed' input='cabinet'
2026-03-28 06:31:36,147 [RESOLVER] fixed: 'cabinet' → 'head_small_cabinet'
2026-03-28 06:31:41,042 [RESOLVER VERB] verb='go' args='ch-2'
2026-03-28 06:31:43,745 [RESOLVER VERB] verb='go' args='ch-1'
2026-03-28 06:31:50,011 [RESOLVER VERB] verb='open' args='quarters'
2026-03-28 06:31:50,012 [RESOLVER] scope='room_fixed' input='quarters'
2026-03-28 06:31:50,012 [RESOLVER FAIL] scope='room_fixed' input='quarters' — no match found, passing through
2026-03-28 06:32:03,739 [RESOLVER VERB] verb='enter' args='quarters'
2026-03-28 06:32:20,977 [RESOLVER VERB] verb='open' args='locker'
2026-03-28 06:32:20,978 [RESOLVER] scope='room_fixed' input='locker'
2026-03-28 06:32:20,978 [RESOLVER] fixed: 'locker' → 'captains_quarters_locker'
2026-03-28 06:32:29,657 [RESOLVER VERB] verb='look in' args='locker'
2026-03-28 06:32:29,657 [RESOLVER] scope='room_fixed' input='locker'
2026-03-28 06:32:29,657 [RESOLVER] fixed: 'locker' → 'captains_quarters_locker'
2026-03-28 06:33:19,306 [RESOLVER VERB] verb='drop' args='card'
2026-03-28 06:33:19,308 [RESOLVER] scope='inventory' input='card'
2026-03-28 06:33:19,308 [RESOLVER] inventory: 'card' → 'id_card_high_sec'
2026-03-28 06:33:30,171 [RESOLVER VERB] verb='remove' args='belt'
2026-03-28 06:33:30,171 [RESOLVER] scope='equipped' input='belt'
2026-03-28 06:33:30,171 [RESOLVER] equipped: 'belt' → 'utility_belt'
2026-03-28 06:34:01,286 [RESOLVER VERB] verb='take' args='card'
2026-03-28 06:34:01,286 [RESOLVER] scope='room_portable' input='card'
2026-03-28 06:34:01,286 [RESOLVER] surface 'captains_quarters_long_shelf': 'card' → 'id_card_high_sec'
2026-03-28 06:34:16,357 [RESOLVER VERB] verb='take' args='utility belt'
2026-03-28 06:34:16,358 [RESOLVER] scope='room_portable' input='utility belt'
2026-03-28 06:34:16,358 [RESOLVER] surface 'captains_quarters_metal_desk': 'utility belt' → 'utility_belt'
2026-03-28 06:36:45,053 [RESOLVER VERB] verb='drop' args='personal_atm_monitor'
2026-03-28 06:36:45,058 [RESOLVER] scope='inventory' input='personal_atm_monitor'
2026-03-28 06:36:48,286 [RESOLVER VERB] verb='wear' args='utility_belt'
2026-03-28 06:36:48,286 [RESOLVER] scope='inventory' input='utility_belt'
2026-03-28 06:36:55,060 [RESOLVER VERB] verb='remove' args='stasis_garment'
2026-03-28 06:36:55,061 [RESOLVER] scope='equipped' input='stasis_garment'
2026-03-28 06:37:19,256 [RESOLVER VERB] verb='take' args='card'
2026-03-28 06:37:19,257 [RESOLVER] scope='room_portable' input='card'
2026-03-28 06:37:19,257 [RESOLVER FAIL] scope='room_portable' input='card' — no match found, passing through
2026-03-28 06:38:31,896 [RESOLVER VERB] verb='debug_inventory' args=''
2026-03-28 06:38:45,495 [RESOLVER VERB] verb='wear' args='coveralls'
2026-03-28 06:38:45,496 [RESOLVER] scope='inventory' input='coveralls'
2026-03-28 06:38:45,496 [RESOLVER] inventory: 'coveralls' → 'flight_coveralls'
2026-03-28 06:39:38,406 [RESOLVER VERB] verb='go' args='ch-1'
2026-03-28 06:39:42,489 [RESOLVER VERB] verb='go' args='ch-2'
2026-03-28 06:39:49,692 [RESOLVER VERB] verb='enter' args='cargo bay'
2026-03-28 06:39:55,399 [RESOLVER VERB] verb='repair panel' args=''
2026-03-28 06:40:16,929 [RESOLVER VERB] verb='lock' args='cargo bay'
2026-03-28 06:40:24,149 [RESOLVER VERB] verb='go' args='ch-1'
2026-03-28 06:40:28,316 [RESOLVER VERB] verb='go' args='quarters'
2026-03-28 06:40:46,708 [RESOLVER VERB] verb='go' args='ch-1'
2026-03-28 06:40:48,503 [RESOLVER VERB] verb='go' args='ch-2'
2026-03-28 06:40:53,696 [RESOLVER VERB] verb='lock' args='cargo bay'
2026-03-28 06:41:15,724 [RESOLVER VERB] verb='lock' args='cargo bay'
2026-03-28 06:41:21,018 [RESOLVER VERB] verb='unlock' args='cargo bay'
2026-03-28 06:41:30,027 [RESOLVER VERB] verb='enter' args='cargo bay'
